This is pdfTeX, Version 3.14159265-2.6-1.40.20 (TeX Live 2019/Debian) (preloaded format=pdflatex 2023.6.4)  31 OCT 2023 22:29
entering extended mode
 restricted \write18 enabled.
 %&-line parsing enabled.
**EDA2_SOLUCION.tex
(./EDA2_SOLUCION.tex
LaTeX2e <2020-02-02> patch level 2
L3 programming layer <2020-02-14> (/usr/share/texlive/texmf-dist/tex/latex/base
/article.cls
Document Class: article 2019/12/20 v1.4l Standard LaTeX document class
(/usr/share/texlive/texmf-dist/tex/latex/base/size10.clo
File: size10.clo 2019/12/20 v1.4l Standard LaTeX file (size option)
)
\c@part=\count167
\c@section=\count168
\c@subsection=\count169
\c@subsubsection=\count170
\c@paragraph=\count171
\c@subparagraph=\count172
\c@figure=\count173
\c@table=\count174
\abovecaptionskip=\skip47
\belowcaptionskip=\skip48
\bibindent=\dimen134
) (/usr/share/texlive/texmf-dist/tex/latex/graphics/graphicx.sty
Package: graphicx 2019/11/30 v1.2a Enhanced LaTeX Graphics (DPC,SPQR)
(/usr/share/texlive/texmf-dist/tex/latex/graphics/keyval.sty
Package: keyval 2014/10/28 v1.15 key=value parser (DPC)
\KV@toks@=\toks14
) (/usr/share/texlive/texmf-dist/tex/latex/graphics/graphics.sty
Package: graphics 2019/11/30 v1.4a Standard LaTeX Graphics (DPC,SPQR)
(/usr/share/texlive/texmf-dist/tex/latex/graphics/trig.sty
Package: trig 2016/01/03 v1.10 sin cos tan (DPC)
) (/usr/share/texlive/texmf-dist/tex/latex/graphics-cfg/graphics.cfg
File: graphics.cfg 2016/06/04 v1.11 sample graphics configuration
)
Package graphics Info: Driver file: pdftex.def on input line 105.
(/usr/share/texlive/texmf-dist/tex/latex/graphics-def/pdftex.def
File: pdftex.def 2018/01/08 v1.0l Graphics/color driver for pdftex
))
\Gin@req@height=\dimen135
\Gin@req@width=\dimen136
) (/usr/share/texlive/texmf-dist/tex/latex/xcolor/xcolor.sty
Package: xcolor 2016/05/11 v2.12 LaTeX color extensions (UK)
(/usr/share/texlive/texmf-dist/tex/latex/graphics-cfg/color.cfg
File: color.cfg 2016/01/02 v1.6 sample color configuration
)
Package xcolor Info: Driver file: pdftex.def on input line 225.
Package xcolor Info: Model `cmy' substituted by `cmy0' on input line 1348.
Package xcolor Info: Model `hsb' substituted by `rgb' on input line 1352.
Package xcolor Info: Model `RGB' extended on input line 1364.
Package xcolor Info: Model `HTML' substituted by `rgb' on input line 1366.
Package xcolor Info: Model `Hsb' substituted by `hsb' on input line 1367.
Package xcolor Info: Model `tHsb' substituted by `hsb' on input line 1368.
Package xcolor Info: Model `HSB' substituted by `hsb' on input line 1369.
Package xcolor Info: Model `Gray' substituted by `gray' on input line 1370.
Package xcolor Info: Model `wave' substituted by `hsb' on input line 1371.
) (/usr/share/texlive/texmf-dist/tex/latex/framed/framed.sty
Package: framed 2011/10/22 v 0.96: framed or shaded text with page breaks
\OuterFrameSep=\skip49
\fb@frw=\dimen137
\fb@frh=\dimen138
\FrameRule=\dimen139
\FrameSep=\dimen140
) (/usr/share/texlive/texmf-dist/tex/latex/base/alltt.sty
Package: alltt 1997/06/16 v2.0g defines alltt environment
) (/usr/share/texlive/texmf-dist/tex/latex/psnfss/mathpazo.sty
Package: mathpazo 2005/04/12 PSNFSS-v9.2a Palatino w/ Pazo Math (D.Puga, WaS) 
\symupright=\mathgroup4
) (/usr/share/texlive/texmf-dist/tex/latex/base/fontenc.sty
Package: fontenc 2020/02/11 v2.0o Standard LaTeX package
LaTeX Font Info:    Trying to load font information for T1+pplx on input line 1
12.
(/usr/share/texlive/texmf-dist/tex/latex/psnfss/t1pplx.fd
File: t1pplx.fd 2004/09/06 font definitions for T1/pplx.
)) (/usr/share/texlive/texmf-dist/tex/latex/geometry/geometry.sty
Package: geometry 2020/01/02 v5.9 Page Geometry
(/usr/share/texlive/texmf-dist/tex/generic/iftex/ifvtex.sty
Package: ifvtex 2019/10/25 v1.7 ifvtex legacy package. Use iftex instead.
(/usr/share/texlive/texmf-dist/tex/generic/iftex/iftex.sty
Package: iftex 2019/11/07 v1.0c TeX engine tests
))
\Gm@cnth=\count175
\Gm@cntv=\count176
\c@Gm@tempcnt=\count177
\Gm@bindingoffset=\dimen141
\Gm@wd@mp=\dimen142
\Gm@odd@mp=\dimen143
\Gm@even@mp=\dimen144
\Gm@layoutwidth=\dimen145
\Gm@layoutheight=\dimen146
\Gm@layouthoffset=\dimen147
\Gm@layoutvoffset=\dimen148
\Gm@dimlist=\toks15
) (/usr/share/texlive/texmf-dist/tex/latex/hyperref/hyperref.sty
Package: hyperref 2020/01/14 v7.00d Hypertext links for LaTeX
(/usr/share/texlive/texmf-dist/tex/generic/ltxcmds/ltxcmds.sty
Package: ltxcmds 2019/12/15 v1.24 LaTeX kernel commands for general use (HO)
) (/usr/share/texlive/texmf-dist/tex/latex/pdftexcmds/pdftexcmds.sty
Package: pdftexcmds 2019/11/24 v0.31 Utility functions of pdfTeX for LuaTeX (HO
)
(/usr/share/texlive/texmf-dist/tex/generic/infwarerr/infwarerr.sty
Package: infwarerr 2019/12/03 v1.5 Providing info/warning/error messages (HO)
)
Package pdftexcmds Info: \pdf@primitive is available.
Package pdftexcmds Info: \pdf@ifprimitive is available.
Package pdftexcmds Info: \pdfdraftmode found.
) (/usr/share/texlive/texmf-dist/tex/generic/kvsetkeys/kvsetkeys.sty
Package: kvsetkeys 2019/12/15 v1.18 Key value parser (HO)
) (/usr/share/texlive/texmf-dist/tex/generic/kvdefinekeys/kvdefinekeys.sty
Package: kvdefinekeys 2019-12-19 v1.6 Define keys (HO)
) (/usr/share/texlive/texmf-dist/tex/generic/pdfescape/pdfescape.sty
Package: pdfescape 2019/12/09 v1.15 Implements pdfTeX's escape features (HO)
) (/usr/share/texlive/texmf-dist/tex/latex/hycolor/hycolor.sty
Package: hycolor 2020-01-27 v1.10 Color options for hyperref/bookmark (HO)
) (/usr/share/texlive/texmf-dist/tex/latex/letltxmacro/letltxmacro.sty
Package: letltxmacro 2019/12/03 v1.6 Let assignment for LaTeX macros (HO)
) (/usr/share/texlive/texmf-dist/tex/latex/auxhook/auxhook.sty
Package: auxhook 2019-12-17 v1.6 Hooks for auxiliary files (HO)
) (/usr/share/texlive/texmf-dist/tex/latex/kvoptions/kvoptions.sty
Package: kvoptions 2019/11/29 v3.13 Key value format for package options (HO)
)
\@linkdim=\dimen149
\Hy@linkcounter=\count178
\Hy@pagecounter=\count179
(/usr/share/texlive/texmf-dist/tex/latex/hyperref/pd1enc.def
File: pd1enc.def 2020/01/14 v7.00d Hyperref: PDFDocEncoding definition (HO)
Now handling font encoding PD1 ...
... no UTF-8 mapping file for font encoding PD1
) (/usr/share/texlive/texmf-dist/tex/generic/intcalc/intcalc.sty
Package: intcalc 2019/12/15 v1.3 Expandable calculations with integers (HO)
) (/usr/share/texlive/texmf-dist/tex/generic/etexcmds/etexcmds.sty
Package: etexcmds 2019/12/15 v1.7 Avoid name clashes with e-TeX commands (HO)
)
\Hy@SavedSpaceFactor=\count180
\pdfmajorversion=\count181
Package hyperref Info: Option `unicode' set `true' on input line 4421.
(/usr/share/texlive/texmf-dist/tex/latex/hyperref/puenc.def
File: puenc.def 2020/01/14 v7.00d Hyperref: PDF Unicode definition (HO)
Now handling font encoding PU ...
... no UTF-8 mapping file for font encoding PU
)
Package hyperref Info: Option `pdfusetitle' set `true' on input line 4421.
Package hyperref Info: Option `bookmarks' set `true' on input line 4421.
Package hyperref Info: Option `bookmarksnumbered' set `true' on input line 4421
.
Package hyperref Info: Option `bookmarksopen' set `true' on input line 4421.
Package hyperref Info: Option `breaklinks' set `false' on input line 4421.
Package hyperref Info: Option `colorlinks' set `false' on input line 4421.
Package hyperref Info: Hyper figures OFF on input line 4547.
Package hyperref Info: Link nesting OFF on input line 4552.
Package hyperref Info: Hyper index ON on input line 4555.
Package hyperref Info: Plain pages OFF on input line 4562.
Package hyperref Info: Backreferencing OFF on input line 4567.
Package hyperref Info: Implicit mode ON; LaTeX internals redefined.
Package hyperref Info: Bookmarks ON on input line 4800.
\c@Hy@tempcnt=\count182
(/usr/share/texlive/texmf-dist/tex/latex/url/url.sty
\Urlmuskip=\muskip16
Package: url 2013/09/16  ver 3.4  Verb mode for urls, etc.
)
LaTeX Info: Redefining \url on input line 5159.
\XeTeXLinkMargin=\dimen150
(/usr/share/texlive/texmf-dist/tex/generic/bitset/bitset.sty
Package: bitset 2019/12/09 v1.3 Handle bit-vector datatype (HO)
(/usr/share/texlive/texmf-dist/tex/generic/bigintcalc/bigintcalc.sty
Package: bigintcalc 2019/12/15 v1.5 Expandable calculations on big integers (HO
)
))
\Fld@menulength=\count183
\Field@Width=\dimen151
\Fld@charsize=\dimen152
Package hyperref Info: Hyper figures OFF on input line 6430.
Package hyperref Info: Link nesting OFF on input line 6435.
Package hyperref Info: Hyper index ON on input line 6438.
Package hyperref Info: backreferencing OFF on input line 6445.
Package hyperref Info: Link coloring OFF on input line 6450.
Package hyperref Info: Link coloring with OCG OFF on input line 6455.
Package hyperref Info: PDF/A mode OFF on input line 6460.
LaTeX Info: Redefining \ref on input line 6500.
LaTeX Info: Redefining \pageref on input line 6504.
(/usr/share/texlive/texmf-dist/tex/generic/atbegshi/atbegshi.sty
Package: atbegshi 2019/12/05 v1.19 At begin shipout hook (HO)
)
\Hy@abspage=\count184
\c@Item=\count185
\c@Hfootnote=\count186
)
Package hyperref Info: Driver (autodetected): hpdftex.
(/usr/share/texlive/texmf-dist/tex/latex/hyperref/hpdftex.def
File: hpdftex.def 2020/01/14 v7.00d Hyperref driver for pdfTeX
(/usr/share/texlive/texmf-dist/tex/latex/atveryend/atveryend.sty
Package: atveryend 2019-12-11 v1.11 Hooks at the very end of document (HO)
Package atveryend Info: \enddocument detected (standard20110627).
)
\Fld@listcount=\count187
\c@bookmark@seq@number=\count188
(/usr/share/texlive/texmf-dist/tex/latex/rerunfilecheck/rerunfilecheck.sty
Package: rerunfilecheck 2019/12/05 v1.9 Rerun checks for auxiliary files (HO)
(/usr/share/texlive/texmf-dist/tex/generic/uniquecounter/uniquecounter.sty
Package: uniquecounter 2019/12/15 v1.4 Provide unlimited unique counter (HO)
)
Package uniquecounter Info: New unique counter `rerunfilecheck' on input line 2
86.
)
\Hy@SectionHShift=\skip50
) (/usr/share/texlive/texmf-dist/tex/latex/upquote/upquote.sty
Package: upquote 2012/04/19 v1.3 upright-quote and grave-accent glyphs in verba
tim
(/usr/share/texlive/texmf-dist/tex/latex/base/textcomp.sty
Package: textcomp 2020/02/02 v2.0n Standard LaTeX package
)) (/usr/share/texlive/texmf-dist/tex/latex/l3backend/l3backend-pdfmode.def
File: l3backend-pdfmode.def 2020-02-03 L3 backend support: PDF mode
\l__kernel_color_stack_int=\count189
\l__pdf_internal_box=\box45
) (./EDA2_SOLUCION.aux)
\openout1 = `EDA2_SOLUCION.aux'.

LaTeX Font Info:    Checking defaults for OML/cmm/m/it on input line 76.
LaTeX Font Info:    ... okay on input line 76.
LaTeX Font Info:    Checking defaults for OMS/cmsy/m/n on input line 76.
LaTeX Font Info:    ... okay on input line 76.
LaTeX Font Info:    Checking defaults for OT1/cmr/m/n on input line 76.
LaTeX Font Info:    ... okay on input line 76.
LaTeX Font Info:    Checking defaults for T1/cmr/m/n on input line 76.
LaTeX Font Info:    ... okay on input line 76.
LaTeX Font Info:    Checking defaults for TS1/cmr/m/n on input line 76.
LaTeX Font Info:    ... okay on input line 76.
LaTeX Font Info:    Checking defaults for OMX/cmex/m/n on input line 76.
LaTeX Font Info:    ... okay on input line 76.
LaTeX Font Info:    Checking defaults for U/cmr/m/n on input line 76.
LaTeX Font Info:    ... okay on input line 76.
LaTeX Font Info:    Checking defaults for PD1/pdf/m/n on input line 76.
LaTeX Font Info:    ... okay on input line 76.
LaTeX Font Info:    Checking defaults for PU/pdf/m/n on input line 76.
LaTeX Font Info:    ... okay on input line 76.
(/usr/share/texlive/texmf-dist/tex/context/base/mkii/supp-pdf.mkii
[Loading MPS to PDF converter (version 2006.09.02).]
\scratchcounter=\count190
\scratchdimen=\dimen153
\scratchbox=\box46
\nofMPsegments=\count191
\nofMParguments=\count192
\everyMPshowfont=\toks16
\MPscratchCnt=\count193
\MPscratchDim=\dimen154
\MPnumerator=\count194
\makeMPintoPDFobject=\count195
\everyMPtoPDFconversion=\toks17
) (/usr/share/texlive/texmf-dist/tex/latex/epstopdf-pkg/epstopdf-base.sty
Package: epstopdf-base 2020-01-24 v2.11 Base part for package epstopdf
Package epstopdf-base Info: Redefining graphics rule for `.eps' on input line 4
85.
(/usr/share/texlive/texmf-dist/tex/latex/latexconfig/epstopdf-sys.cfg
File: epstopdf-sys.cfg 2010/07/13 v1.3 Configuration of (r)epstopdf for TeX Liv
e
))
\big@size=\dimen155
*geometry* driver: auto-detecting
*geometry* detected driver: pdftex

Package geometry Warning: The marginal notes overrun the paper.
     Add 4.86812pt and more to the right margin.

*geometry* verbose mode - [ preamble ] result:
* driver: pdftex
* paper: <default>
* layout: <same size as paper>
* layoutoffset:(h,v)=(0.0pt,0.0pt)
* modes: 
* h-part:(L,W,R)=(71.13188pt, 472.03123pt, 71.13188pt)
* v-part:(T,H,B)=(71.13188pt, 652.70622pt, 71.13188pt)
* \paperwidth=614.295pt
* \paperheight=794.96999pt
* \textwidth=472.03123pt
* \textheight=652.70622pt
* \oddsidemargin=-1.1381pt
* \evensidemargin=-1.1381pt
* \topmargin=-38.1381pt
* \headheight=12.0pt
* \headsep=25.0pt
* \topskip=10.0pt
* \footskip=30.0pt
* \marginparwidth=65.0pt
* \marginparsep=11.0pt
* \columnsep=10.0pt
* \skip\footins=9.0pt plus 4.0pt minus 2.0pt
* \hoffset=0.0pt
* \voffset=0.0pt
* \mag=1000
* \@twocolumnfalse
* \@twosidefalse
* \@mparswitchfalse
* \@reversemarginfalse
* (1in=72.27pt=25.4mm, 1cm=28.453pt)

\AtBeginShipoutBox=\box47
Package hyperref Info: Link coloring OFF on input line 76.
(/usr/share/texlive/texmf-dist/tex/latex/hyperref/nameref.sty
Package: nameref 2019/09/16 v2.46 Cross-referencing by name of section
(/usr/share/texlive/texmf-dist/tex/latex/refcount/refcount.sty
Package: refcount 2019/12/15 v3.6 Data extraction from label references (HO)
) (/usr/share/texlive/texmf-dist/tex/generic/gettitlestring/gettitlestring.sty
Package: gettitlestring 2019/12/15 v1.6 Cleanup title references (HO)
)
\c@section@level=\count196
)
LaTeX Info: Redefining \ref on input line 76.
LaTeX Info: Redefining \pageref on input line 76.
LaTeX Info: Redefining \nameref on input line 76.
(./EDA2_SOLUCION.out) (./EDA2_SOLUCION.out)
\@outlinefile=\write3
\openout3 = `EDA2_SOLUCION.out'.

LaTeX Font Info:    Trying to load font information for OT1+pplx on input line 
85.
(/usr/share/texlive/texmf-dist/tex/latex/psnfss/ot1pplx.fd
File: ot1pplx.fd 2004/09/06 font definitions for OT1/pplx.
)
LaTeX Font Info:    Trying to load font information for OML+zplm on input line 
85.
(/usr/share/texlive/texmf-dist/tex/latex/psnfss/omlzplm.fd
File: omlzplm.fd 2002/09/08 Fontinst v1.914 font definitions for OML/zplm.
)
LaTeX Font Info:    Trying to load font information for OMS+zplm on input line 
85.
(/usr/share/texlive/texmf-dist/tex/latex/psnfss/omszplm.fd
File: omszplm.fd 2002/09/08 Fontinst v1.914 font definitions for OMS/zplm.
)
LaTeX Font Info:    Trying to load font information for OMX+zplm on input line 
85.
(/usr/share/texlive/texmf-dist/tex/latex/psnfss/omxzplm.fd
File: omxzplm.fd 2002/09/08 Fontinst v1.914 font definitions for OMX/zplm.
)
LaTeX Font Info:    Trying to load font information for OT1+zplm on input line 
85.
(/usr/share/texlive/texmf-dist/tex/latex/psnfss/ot1zplm.fd
File: ot1zplm.fd 2002/09/08 Fontinst v1.914 font definitions for OT1/zplm.
)

LaTeX Warning: No \author given.

LaTeX Font Info:    Trying to load font information for T1+lmtt on input line 8
9.
(/usr/share/texmf/tex/latex/lm/t1lmtt.fd
File: t1lmtt.fd 2009/10/30 v1.6 Font defs for Latin Modern
)
LaTeX Font Info:    Font shape `T1/lmtt/bx/n' in size <10> not available
(Font)              Font shape `T1/lmtt/b/n' tried instead on input line 91.

Overfull \hbox (12.70348pt too wide) in paragraph at lines 98--98
[][]\T1/lmtt/m/it/10 # A partir del siguiente dataframe realizar las siguientes
 operaciones de limpieza de datos:[][] 
 []

LaTeX Font Info:    Trying to load font information for TS1+lmtt on input line 
101.
(/usr/share/texmf/tex/latex/lm/ts1lmtt.fd
File: ts1lmtt.fd 2009/10/30 v1.6 Font defs for Latin Modern
)
Overfull \hbox (28.45343pt too wide) in paragraph at lines 118--118
[][]\T1/lmtt/m/it/10 # Como se puede observar hay un problema de clave-valor en
 las compañias con sus observaciones.[][] 
 []


Overfull \hbox (5.71738pt too wide) in paragraph at lines 123--123
[][]\T1/lmtt/m/n/10 new_stocks[] []<-[] []\T1/lmtt/b/n/10 gather[][]\T1/lmtt/m/
n/10 ([][]data[] []= stocks,[] []key[] []= stock,[] []value[] []= price, Walmar
t, Target, Walgreens)[][] 
 []


Overfull \hbox (122.95316pt too wide) in paragraph at lines 130--130
[][]\T1/lmtt/m/it/10 # El último argumento, -time, significa que todas las colu
mnas excepto el tiempo contienen los pares clave-valor.[][] 
 []


Overfull \hbox (7.45349pt too wide) in paragraph at lines 136--136
[][]\T1/lmtt/m/it/10 # Utilizando el operador tuberia %>% se desea realizar las
 siguientes operaciones anidadas.[][] 
 []


Overfull \hbox (122.95316pt too wide) in paragraph at lines 137--137
[][]\T1/lmtt/m/it/10 # 1) Transformar los datos para que tengan una clave stock
 y el valor sea el precio mediante la funcion "gather".[][] 
 []


Overfull \hbox (21.46733pt too wide) in paragraph at lines 148--148
[]\T1/lmtt/b/n/10 ## Error in summarise(., min = min(price), max = max(price)):
 no se pudo encontrar la función
 []


Overfull \hbox (2.2035pt too wide) in paragraph at lines 169--169
[][]\T1/lmtt/m/it/10 # Tambien se puede utilizar el nombre del dataframe si pre
viamente estamos familiarizados.[][] 
 []


Overfull \hbox (96.70323pt too wide) in paragraph at lines 172--172
[][]\T1/lmtt/m/it/10 # Comprobamos las variables de cada uno de los datasets qu
e nos proporcionan mediante la instrucción "head".[][] 
 []


Overfull \hbox (0.46739pt too wide) in paragraph at lines 188--188
[]\T1/lmtt/m/n/10 ##    year month   day dep_time sched_dep_time dep_delay arr_
time sched_arr_time arr_delay[] 
 []


Overfull \hbox (0.46739pt too wide) in paragraph at lines 188--188
[]\T1/lmtt/m/n/10 ##   <int> <int> <int>    <int>          <int>     <dbl>    <
int>          <int>     <dbl>[] 
 []


Overfull \hbox (0.46739pt too wide) in paragraph at lines 188--188
[]\T1/lmtt/m/n/10 ## 1  2013     1     1      517            515         2     
 830            819        11[] 
 []


Overfull \hbox (0.46739pt too wide) in paragraph at lines 188--188
[]\T1/lmtt/m/n/10 ## 2  2013     1     1      533            529         4     
 850            830        20[] 
 []


Overfull \hbox (0.46739pt too wide) in paragraph at lines 188--188
[]\T1/lmtt/m/n/10 ## 3  2013     1     1      542            540         2     
 923            850        33[] 
 []


Overfull \hbox (0.46739pt too wide) in paragraph at lines 188--188
[]\T1/lmtt/m/n/10 ## 4  2013     1     1      544            545        -1     
1004           1022       -18[] 
 []


Overfull \hbox (0.46739pt too wide) in paragraph at lines 188--188
[]\T1/lmtt/m/n/10 ## 5  2013     1     1      554            600        -6     
 812            837       -25[] 
 []


Overfull \hbox (0.46739pt too wide) in paragraph at lines 188--188
[]\T1/lmtt/m/n/10 ## 6  2013     1     1      554            558        -4     
 740            728        12[] 
 []


Overfull \hbox (0.46739pt too wide) in paragraph at lines 217--217
[]\T1/lmtt/m/n/10 ##   origin  year month   day  hour  temp  dewp humid wind_di
r wind_speed wind_gust precip[] 
 []


Overfull \hbox (0.46739pt too wide) in paragraph at lines 217--217
[]\T1/lmtt/m/n/10 ##   <chr>  <int> <int> <int> <int> <dbl> <dbl> <dbl>    <dbl
>      <dbl>     <dbl>  <dbl>[] 
 []


Overfull \hbox (0.46739pt too wide) in paragraph at lines 217--217
[]\T1/lmtt/m/n/10 ## 1 EWR     2013     1     1     1  39.0  26.1  59.4      27
0      10.4         NA      0[] 
 []


Overfull \hbox (0.46739pt too wide) in paragraph at lines 217--217
[]\T1/lmtt/m/n/10 ## 2 EWR     2013     1     1     2  39.0  27.0  61.6      25
0       8.06        NA      0[] 
 []


Overfull \hbox (0.46739pt too wide) in paragraph at lines 217--217
[]\T1/lmtt/m/n/10 ## 3 EWR     2013     1     1     3  39.0  28.0  64.4      24
0      11.5         NA      0[] 
 []


Overfull \hbox (0.46739pt too wide) in paragraph at lines 217--217
[]\T1/lmtt/m/n/10 ## 4 EWR     2013     1     1     4  39.9  28.0  62.2      25
0      12.7         NA      0[] 
 []


Overfull \hbox (0.46739pt too wide) in paragraph at lines 217--217
[]\T1/lmtt/m/n/10 ## 5 EWR     2013     1     1     5  39.0  28.0  64.4      26
0      12.7         NA      0[] 
 []


Overfull \hbox (0.46739pt too wide) in paragraph at lines 217--217
[]\T1/lmtt/m/n/10 ## 6 EWR     2013     1     1     6  37.9  28.0  67.2      24
0      11.5         NA      0[] 
 []


Overfull \hbox (16.21735pt too wide) in paragraph at lines 245--245
[]\T1/lmtt/m/n/10 ##   tailnum  year type                    manufacturer     m
odel  engines seats speed engine[] 
 []


Overfull \hbox (10.96736pt too wide) in paragraph at lines 245--245
[]\T1/lmtt/m/n/10 ##   <chr>   <int> <chr>                   <chr>            <
chr>    <int> <int> <int> <chr>[] 
 []


Overfull \hbox (16.21735pt too wide) in paragraph at lines 245--245
[]\T1/lmtt/m/n/10 ## 1 N10156   2004 Fixed wing multi engine EMBRAER          E
MB-1~       2    55    NA Turbo~[] 
 []


Overfull \hbox (16.21735pt too wide) in paragraph at lines 245--245
[]\T1/lmtt/m/n/10 ## 2 N102UW   1998 Fixed wing multi engine AIRBUS INDUSTRIE A
320-~       2   182    NA Turbo~[] 
 []


Overfull \hbox (16.21735pt too wide) in paragraph at lines 245--245
[]\T1/lmtt/m/n/10 ## 3 N103US   1999 Fixed wing multi engine AIRBUS INDUSTRIE A
320-~       2   182    NA Turbo~[] 
 []


Overfull \hbox (16.21735pt too wide) in paragraph at lines 245--245
[]\T1/lmtt/m/n/10 ## 4 N104UW   1999 Fixed wing multi engine AIRBUS INDUSTRIE A
320-~       2   182    NA Turbo~[] 
 []


Overfull \hbox (16.21735pt too wide) in paragraph at lines 245--245
[]\T1/lmtt/m/n/10 ## 5 N10575   2002 Fixed wing multi engine EMBRAER          E
MB-1~       2    55    NA Turbo~[] 
 []


Overfull \hbox (16.21735pt too wide) in paragraph at lines 245--245
[]\T1/lmtt/m/n/10 ## 6 N105UW   1999 Fixed wing multi engine AIRBUS INDUSTRIE A
320-~       2   182    NA Turbo~[] 
 []


Overfull \hbox (112.45319pt too wide) in paragraph at lines 247--247
[][]\T1/lmtt/m/it/10 # Comprobamos las variables de cada uno de los datasets qu
e nos proporcionan mediante la instrucción "summary".[][] 
 []


Overfull \hbox (112.45319pt too wide) in paragraph at lines 371--371
[][]\T1/lmtt/m/it/10 # Simplificar los dataframes originales a 100 observacione
s. Renombrarlos introduciendo la coletilla "_simple".[][] 
 []


Overfull \hbox (290.95267pt too wide) in paragraph at lines 380--380
[][]\T1/lmtt/m/it/10 # Selecciona los tipos de aerolinea ("carrier") mediante l
a instruccion "select" y el operador "unique" concatenados con el operador tube
ria %>%.[][] 
 []


Overfull \hbox (107.2032pt too wide) in paragraph at lines 405--405
[][]\T1/lmtt/m/it/10 # Obtener la media y el maximo de asientos ("seats") que t
ienen los aviones. Utilizar el operador tuberia %>%.[][] 
 []


Overfull \hbox (16.21735pt too wide) in paragraph at lines 434--434
[]\T1/lmtt/m/n/10 ##    tailnum  year type                    manufacturer mode
l     engines seats speed engine[] 
 []


Overfull \hbox (10.96736pt too wide) in paragraph at lines 434--434
[]\T1/lmtt/m/n/10 ##    <chr>   <int> <chr>                   <chr>        <chr
>       <int> <int> <int> <chr>[] 
 []


Overfull \hbox (16.21735pt too wide) in paragraph at lines 434--434
[]\T1/lmtt/m/n/10 ##  1 N10156   2004 Fixed wing multi engine EMBRAER      EMB-
145XR       2    55    NA Turbo~[] 
 []


Overfull \hbox (16.21735pt too wide) in paragraph at lines 434--434
[]\T1/lmtt/m/n/10 ##  2 N10575   2002 Fixed wing multi engine EMBRAER      EMB-
145LR       2    55    NA Turbo~[] 
 []


Overfull \hbox (16.21735pt too wide) in paragraph at lines 434--434
[]\T1/lmtt/m/n/10 ##  3 N11106   2002 Fixed wing multi engine EMBRAER      EMB-
145XR       2    55    NA Turbo~[] 
 []


Overfull \hbox (16.21735pt too wide) in paragraph at lines 434--434
[]\T1/lmtt/m/n/10 ##  4 N11107   2002 Fixed wing multi engine EMBRAER      EMB-
145XR       2    55    NA Turbo~[] 
 []


Overfull \hbox (16.21735pt too wide) in paragraph at lines 434--434
[]\T1/lmtt/m/n/10 ##  5 N11109   2002 Fixed wing multi engine EMBRAER      EMB-
145XR       2    55    NA Turbo~[] 
 []


Overfull \hbox (16.21735pt too wide) in paragraph at lines 434--434
[]\T1/lmtt/m/n/10 ##  6 N11113   2002 Fixed wing multi engine EMBRAER      EMB-
145XR       2    55    NA Turbo~[] 
 []


Overfull \hbox (16.21735pt too wide) in paragraph at lines 434--434
[]\T1/lmtt/m/n/10 ##  7 N11119   2002 Fixed wing multi engine EMBRAER      EMB-
145XR       2    55    NA Turbo~[] 
 []


Overfull \hbox (16.21735pt too wide) in paragraph at lines 434--434
[]\T1/lmtt/m/n/10 ##  8 N11121   2003 Fixed wing multi engine EMBRAER      EMB-
145XR       2    55    NA Turbo~[] 
 []


Overfull \hbox (16.21735pt too wide) in paragraph at lines 434--434
[]\T1/lmtt/m/n/10 ##  9 N11127   2003 Fixed wing multi engine EMBRAER      EMB-
145XR       2    55    NA Turbo~[] 
 []


Overfull \hbox (16.21735pt too wide) in paragraph at lines 434--434
[]\T1/lmtt/m/n/10 ## 10 N11137   2003 Fixed wing multi engine EMBRAER      EMB-
145XR       2    55    NA Turbo~[] 
 []


Overfull \hbox (154.45306pt too wide) in paragraph at lines 436--436
[][]\T1/lmtt/m/it/10 # Averigua que numero de cola comparten los dataframes "fl
ights_simple" y "planes_simple" que has creado anteriormente.[][] 
 []


Overfull \hbox (154.45306pt too wide) in paragraph at lines 446--446
[][]\T1/lmtt/m/it/10 # Cruzar los datos de vuelos ("flights") con los aviones (
"planes") por el numero de cola ("tailnum") que no coincidan.[][] 
 []


Overfull \hbox (2.2035pt too wide) in paragraph at lines 448--448
[][]\T1/lmtt/m/it/10 # Finlmente obtener los distintos modelos de avión que sat
isfacen las premisas anteriores.[][] 
 []


Overfull \hbox (23.20345pt too wide) in paragraph at lines 451--451
[][]\T1/lmtt/m/n/10 result2[] []<-[] []\T1/lmtt/b/n/10 unique[][]\T1/lmtt/m/n/1
0 (engines_fp[][]$[][]model)[] []\T1/lmtt/m/it/10 # No queremos los repetidos. 
Por lo tanto usamos "unique".[][] 
 []


Overfull \hbox (133.45313pt too wide) in paragraph at lines 458--458
[][]\T1/lmtt/m/it/10 # Crea una nueva variable que calcule el retraso total sum
ando los delays acumulados ("dep_delay") y ("arr_delay").[][] 
 []


Overfull \hbox (122.95316pt too wide) in paragraph at lines 462--462
[][]\T1/lmtt/m/it/10 # En base a la variable anteriormente obtenida, devuelve l
os aviones que han llegado con antelacion a su destino.[][] 
 []


Overfull \hbox (5.71738pt too wide) in paragraph at lines 483--483
[]\T1/lmtt/m/n/10 ##     year month   day dep_time sched_dep_time dep_delay arr
_time sched_arr_time arr_delay[] 
 []


Overfull \hbox (5.71738pt too wide) in paragraph at lines 483--483
[]\T1/lmtt/m/n/10 ##    <int> <int> <int>    <int>          <int>     <dbl>    
<int>          <int>     <dbl>[] 
 []


Overfull \hbox (5.71738pt too wide) in paragraph at lines 483--483
[]\T1/lmtt/m/n/10 ##  1  2013     1     1      544            545        -1    
 1004           1022       -18[] 
 []


Overfull \hbox (5.71738pt too wide) in paragraph at lines 483--483
[]\T1/lmtt/m/n/10 ##  2  2013     1     1      554            600        -6    
  812            837       -25[] 
 []


Overfull \hbox (5.71738pt too wide) in paragraph at lines 483--483
[]\T1/lmtt/m/n/10 ##  3  2013     1     1      557            600        -3    
  709            723       -14[] 
 []


Overfull \hbox (5.71738pt too wide) in paragraph at lines 483--483
[]\T1/lmtt/m/n/10 ##  4  2013     1     1      557            600        -3    
  838            846        -8[] 
 []


Overfull \hbox (5.71738pt too wide) in paragraph at lines 483--483
[]\T1/lmtt/m/n/10 ##  5  2013     1     1      558            600        -2    
  849            851        -2[] 
 []


Overfull \hbox (5.71738pt too wide) in paragraph at lines 483--483
[]\T1/lmtt/m/n/10 ##  6  2013     1     1      558            600        -2    
  853            856        -3[] 
 []


Overfull \hbox (5.71738pt too wide) in paragraph at lines 483--483
[]\T1/lmtt/m/n/10 ##  7  2013     1     1      558            600        -2    
  923            937       -14[] 
 []


Overfull \hbox (5.71738pt too wide) in paragraph at lines 483--483
[]\T1/lmtt/m/n/10 ##  8  2013     1     1      559            559         0    
  702            706        -4[] 
 []


Overfull \hbox (5.71738pt too wide) in paragraph at lines 483--483
[]\T1/lmtt/m/n/10 ##  9  2013     1     1      559            600        -1    
  854            902        -8[] 
 []


Overfull \hbox (5.71738pt too wide) in paragraph at lines 483--483
[]\T1/lmtt/m/n/10 ## 10  2013     1     1      600            600         0    
  851            858        -7[] 
 []

[1

{/var/lib/texmf/fonts/map/pdftex/updmap/pdftex.map}] [2] [3] [4] [5] [6] [7]
Package atveryend Info: Empty hook `BeforeClearDocument' on input line 551.
[8]
Package atveryend Info: Empty hook `AfterLastShipout' on input line 551.
(./EDA2_SOLUCION.aux)
Package atveryend Info: Executing hook `AtVeryEndDocument' on input line 551.
Package atveryend Info: Executing hook `AtEndAfterFileList' on input line 551.
Package rerunfilecheck Info: File `EDA2_SOLUCION.out' has not changed.
(rerunfilecheck)             Checksum: D41D8CD98F00B204E9800998ECF8427E;0.
Package atveryend Info: Empty hook `AtVeryVeryEnd' on input line 551.
 ) 
Here is how much of TeX's memory you used:
 9750 strings out of 481239
 139033 string characters out of 5920378
 475544 words of memory out of 5000000
 24877 multiletter control sequences out of 15000+600000
 546603 words of font info for 50 fonts, out of 8000000 for 9000
 1141 hyphenation exceptions out of 8191
 34i,6n,37p,257b,391s stack positions out of 5000i,500n,10000p,200000b,80000s
{/usr/share/texmf/fonts/enc/dvips/lm/lm-ts1.enc}{/usr/share/texmf/fonts/enc/d
vips/lm/lm-ec.enc}{/usr/share/texlive/texmf-dist/fonts/enc/dvips/base/8r.enc}</
usr/share/texmf/fonts/type1/public/lm/lmtk10.pfb></usr/share/texmf/fonts/type1/
public/lm/lmtt10.pfb></usr/share/texmf/fonts/type1/public/lm/lmtti10.pfb></usr/
share/texlive/texmf-dist/fonts/type1/urw/palatino/uplr8a.pfb>
Output written on EDA2_SOLUCION.pdf (8 pages, 114948 bytes).
PDF statistics:
 66 PDF objects out of 1000 (max. 8388607)
 51 compressed objects within 1 object stream
 9 named destinations out of 1000 (max. 500000)
 1 words of extra memory for PDF output out of 10000 (max. 10000000)

